# JRE version: Java(TM) SE Runtime Environment (12.0.2+10) (build 12.0.2+10)
# Java VM: Java HotSpot(TM) 64-Bit Server VM (12.0.2+10, mixed mode, sharing, tiered, compressed oops, g1 gc, windows-amd64)
Heap:
 garbage-first heap   total 51200K, used 30782K [0x0000000081800000, 0x0000000100000000)
  region size 1024K, 22 young (22528K), 2 survivors (2048K)
 Metaspace       used 33144K, capacity 34216K, committed 34480K, reserved 1079296K
  class space    used 4141K, capacity 4545K, committed 4608K, reserved 1048576K
GC Heap History (10 events):
Event: 5.032 GC heap before
{Heap before GC invocations=6 (full 0):
 garbage-first heap   total 41984K, used 26857K [0x0000000081800000, 0x0000000100000000)
  region size 1024K, 21 young (21504K), 3 survivors (3072K)
 Metaspace       used 24053K, capacity 24748K, committed 24880K, reserved 1071104K
  class space    used 2917K, capacity 3180K, committed 3200K, reserved 1048576K
}
Event: 5.040 GC heap after
{Heap after GC invocations=7 (full 0):
 garbage-first heap   total 41984K, used 9838K [0x0000000081800000, 0x0000000100000000)
  region size 1024K, 2 young (2048K), 2 survivors (2048K)
 Metaspace       used 24053K, capacity 24748K, committed 24880K, reserved 1071104K
  class space    used 2917K, capacity 3180K, committed 3200K, reserved 1048576K
}
Event: 5.422 GC heap before
{Heap before GC invocations=7 (full 0):
 garbage-first heap   total 41984K, used 29294K [0x0000000081800000, 0x0000000100000000)
  region size 1024K, 21 young (21504K), 2 survivors (2048K)
 Metaspace       used 25630K, capacity 26408K, committed 26672K, reserved 1073152K
  class space    used 3110K, capacity 3430K, committed 3456K, reserved 1048576K
}
Event: 5.430 GC heap after
{Heap after GC invocations=8 (full 0):
 garbage-first heap   total 41984K, used 10348K [0x0000000081800000, 0x0000000100000000)
  region size 1024K, 2 young (2048K), 2 survivors (2048K)
 Metaspace       used 25630K, capacity 26408K, committed 26672K, reserved 1073152K
  class space    used 3110K, capacity 3430K, committed 3456K, reserved 1048576K
}
Event: 5.798 GC heap before
{Heap before GC invocations=8 (full 0):
 garbage-first heap   total 41984K, used 29804K [0x0000000081800000, 0x0000000100000000)
  region size 1024K, 21 young (21504K), 2 survivors (2048K)
 Metaspace       used 26973K, capacity 27803K, committed 27952K, reserved 1073152K
  class space    used 3337K, capacity 3682K, committed 3712K, reserved 1048576K
}
Event: 5.806 GC heap after
{Heap after GC invocations=9 (full 0):
 garbage-first heap   total 41984K, used 10971K [0x0000000081800000, 0x0000000100000000)
  region size 1024K, 2 young (2048K), 2 survivors (2048K)
 Metaspace       used 26973K, capacity 27803K, committed 27952K, reserved 1073152K
  class space    used 3337K, capacity 3682K, committed 3712K, reserved 1048576K
}
Event: 6.482 GC heap before
{Heap before GC invocations=9 (full 0):
 garbage-first heap   total 41984K, used 30427K [0x0000000081800000, 0x0000000100000000)
  region size 1024K, 21 young (21504K), 2 survivors (2048K)
 Metaspace       used 29023K, capacity 29988K, committed 30128K, reserved 1075200K
  class space    used 3611K, capacity 4007K, committed 4096K, reserved 1048576K
}
Event: 6.488 GC heap after
{Heap after GC invocations=10 (full 0):
 garbage-first heap   total 51200K, used 11650K [0x0000000081800000, 0x0000000100000000)
  region size 1024K, 2 young (2048K), 2 survivors (2048K)
 Metaspace       used 29023K, capacity 29988K, committed 30128K, reserved 1075200K
  class space    used 3611K, capacity 4007K, committed 4096K, reserved 1048576K
}
Event: 10.174 GC heap before
{Heap before GC invocations=10 (full 0):
 garbage-first heap   total 51200K, used 34178K [0x0000000081800000, 0x0000000100000000)
  region size 1024K, 24 young (24576K), 2 survivors (2048K)
 Metaspace       used 31222K, capacity 32240K, committed 32432K, reserved 1077248K
  class space    used 3889K, capacity 4288K, committed 4352K, reserved 1048576K
}
Event: 10.179 GC heap after
{Heap after GC invocations=11 (full 0):
 garbage-first heap   total 51200K, used 12350K [0x0000000081800000, 0x0000000100000000)
  region size 1024K, 2 young (2048K), 2 survivors (2048K)
 Metaspace       used 31222K, capacity 32240K, committed 32432K, reserved 1077248K
  class space    used 3889K, capacity 4288K, committed 4352K, reserved 1048576K
}

